   ▲ Next.js 15.5.20

   Creating an optimized production build ...
 ✓ Compiled successfully in 56s
   Skipping validation of types
   Linting ...
   Collecting page data ...
   Generating static pages (0/13) ...
   Generating static pages (3/13) 
   Generating static pages (6/13) 
   Generating static pages (9/13) 
 ✓ Generating static pages (13/13)
   Finalizing page optimization ...
   Collecting build traces ...

Route (app)                                 Size  First Load JS
┌ ○ /                                      131 B         103 kB
├ ○ /_not-found                            994 B         103 kB
├ ○ /about                               4.64 kB         107 kB
├ ○ /calculator                          2.68 kB         105 kB
├ ○ /contact                             13.2 kB         116 kB
├ ○ /insights                            3.59 kB         106 kB
├ ○ /products                            2.08 kB         105 kB
├ ○ /projects                            3.38 kB         106 kB
├ ○ /robots.txt                            131 B         103 kB
├ ○ /services                            4.05 kB         107 kB
└ ○ /sitemap.xml                           131 B         103 kB
+ First Load JS shared by all             102 kB
  ├ chunks/255-3981a3d1f3561bd8.js       46.2 kB
  ├ chunks/4bd1b696-c023c6e3521b1417.js  54.2 kB
  └ other shared chunks (total)          1.99 kB


○  (Static)  prerendered as static content

